[read]CFDGSTS:GRAMINIT[0x00000005],Bit[3:3]:0x0000([0])
[clear]CFDGCTR:GSLPR[0x00000001],Bit[2:2]:0x0000([0])
[read]CFDGSTS:GSLPSTS[0x00000001],Bit[2:2]:0x0000([0])
[clear]CFDGCTR:DEIE[0x00000001],Bit[8:8]:0x0000([0])
[write]CFDGCTR:DEIE[0x00000101],Bit[8]:0x0001--0000 0000 0000 0000 0000 000[1] 0000 0001
[clear]CFDGCTR:MEIE[0x00000101],Bit[9:9]:0x0000([0])
[write]CFDGCTR:MEIE[0x00000301],Bit[9]:0x0001--0000 0000 0000 0000 0000 00[1]1 0000 0001
[clear]CFDGCTR:THLEIE[0x00000301],Bit[10:10]:0x0000([0])
[write]CFDGCTR:THLEIE[0x00000701],Bit[10]:0x0001--0000 0000 0000 0000 0000 0[1]11 0000 0001
[clear]CFDGCTR:CMPOFIE[0x00000701],Bit[11:11]:0x0000([0])
[write]CFDGCTR:CMPOFIE[0x00000F01],Bit[11]:0x0001--0000 0000 0000 0000 0000 [1]111 0000 0001
[write]CFDGCFG:TPRI[0x00000001],Bit[0]:0x0001--0000 0000 0000 0000 0000 0000 0000 000[1]
[clear]CFDGCFG:DCE[0x00000001],Bit[1:1]:0x0000([0])
[clear]CFDGCFG:DRE[0x00000001],Bit[2:2]:0x0000([0])
[clear]CFDGCFG:MME[0x00000001],Bit[3:3]:0x0000([0])
[write]CFDGCFG:DCS[0x00000001],Bit[4]:0x0000--0000 0000 0000 0000 0000 0000 000[0] 0001
[clear]CFDC0NCFG-CxCTR:CSLPR[0x00000001],Bit[2:2]:0x0000([0])
[read]CFDC0NCFG-CxSTS:CSLPSTS[0x00000001],Bit[2:2]:0x0000([0])
[write]CFDC0DCFG-CxFDCFG:REFE[0x20000000],Bit[29]:0x0001--00[1]0 0000 0000 0000 0000 0000 0000 0000
[clear]CFDC0DCFG-CxFDCFG:CLOE[0x20000000],Bit[30:30]:0x0000([0])
[clear]CFDC0DCFG-CxFDCFG:FDOE[0x20000000],Bit[28:28]:0x0000([0])
[write]CFDC0NCFG-CxNCFG:ntseg2[0x0F000000],Bit[24]:0x000F--0000 111[1] 0000 0000 0000 0000 0000 0000
[write]CFDC0NCFG-CxNCFG:ntseg1[0x0F3E0000],Bit[16]:0x003E--0000 1111 0011 111[0] 0000 0000 0000 0000
[write]CFDC0NCFG-CxNCFG:nsjw[0x0F3E7800],Bit[11]:0x000F--0000 1111 0011 1110 0111 [1]000 0000 0000
[write]CFDC0NCFG-CxNCFG:nbrp[0x0F3E7800],Bit[0]:0x0000--0000 1111 0011 1110 0111 1000 0000 000[0]
[write]CFDC0DCFG-CxDCFG:dsjw[0x05000000],Bit[24]:0x0005--0000 010[1] 0000 0000 0000 0000 0000 0000
[write]CFDC0DCFG-CxDCFG:dtseg2[0x05500000],Bit[20]:0x0005--0000 0101 010[1] 0000 0000 0000 0000 0000
[write]CFDC0DCFG-CxDCFG:dtseg1[0x055C0000],Bit[16]:0x000C--0000 0101 0101 110[0] 0000 0000 0000 0000
[write]CFDC0DCFG-CxDCFG:dbrp[0x055C0000],Bit[0]:0x0000--0000 0101 0101 1100 0000 0000 0000 000[0]
[write]CFDGAFLCFG0:RNC[0x10000000],Bit[24]:0x0010--0001 000[0] 0000 0000 0000 0000 0000 0000
[write]CFDGAFLECTR:AFLDAE[0x00000100],Bit[8]:0x0001--0000 0000 0000 0000 0000 000[1] 0000 0000
[clear]CFDGAFLECTR:AFLPN[0x00000100],Bit[5:0]:0x0000(00 000[0])
[write]CFDGAFLECTR:AFLPN[0x00000100],Bit[0]:0x0000--0000 0000 0000 0000 0000 0001 0000 000[0]
[write]CFDGAFLID0:GAFLIDM[0x00000000],Bit[0]:0x0000--0000 0000 0000 0000 0000 0000 0000 000[0]
[write]CFDGAFLID0:CFDGAFLM[0x00000000],Bit[0]:0x0000--0000 0000 0000 0000 0000 0000 0000 000[0]
[write]CFDGAFLID0:CFDGAFLP0_[0x00000000],Bit[0]:0x0000--0000 0000 0000 0000 0000 0000 0000 000[0]
[write]CFDGAFLID0:CFDGAFLP1_[0x00000000],Bit[0]:0x0000--0000 0000 0000 0000 0000 0000 0000 000[0]
[write]CFDGAFLID0:GAFLIDM[0x00000001],Bit[0]:0x0001--0000 0000 0000 0000 0000 0000 0000 000[1]
[write]CFDGAFLID0:CFDGAFLM[0x00000000],Bit[0]:0x0000--0000 0000 0000 0000 0000 0000 0000 000[0]
[write]CFDGAFLID0:CFDGAFLP0_[0x00000000],Bit[0]:0x0000--0000 0000 0000 0000 0000 0000 0000 000[0]
[write]CFDGAFLID0:CFDGAFLP1_[0x00000000],Bit[0]:0x0000--0000 0000 0000 0000 0000 0000 0000 000[0]
[write]CFDGAFLID0:GAFLIDM[0x00000002],Bit[0]:0x0002--0000 0000 0000 0000 0000 0000 0000 001[0]
[write]CFDGAFLID0:CFDGAFLM[0x00000000],Bit[0]:0x0000--0000 0000 0000 0000 0000 0000 0000 000[0]
[write]CFDGAFLID0:CFDGAFLP0_[0x00000000],Bit[0]:0x0000--0000 0000 0000 0000 0000 0000 0000 000[0]
[write]CFDGAFLID0:CFDGAFLP1_[0x00000000],Bit[0]:0x0000--0000 0000 0000 0000 0000 0000 0000 000[0]
[write]CFDGAFLID0:GAFLIDM[0x00000003],Bit[0]:0x0003--0000 0000 0000 0000 0000 0000 0000 001[1]
[write]CFDGAFLID0:CFDGAFLM[0x00000000],Bit[0]:0x0000--0000 0000 0000 0000 0000 0000 0000 000[0]
[write]CFDGAFLID0:CFDGAFLP0_[0x00000000],Bit[0]:0x0000--0000 0000 0000 0000 0000 0000 0000 000[0]
[write]CFDGAFLID0:CFDGAFLP1_[0x00000000],Bit[0]:0x0000--0000 0000 0000 0000 0000 0000 0000 000[0]
[write]CFDGAFLID0:GAFLIDM[0x00000004],Bit[0]:0x0004--0000 0000 0000 0000 0000 0000 0000 010[0]
[write]CFDGAFLID0:CFDGAFLM[0x00000000],Bit[0]:0x0000--0000 0000 0000 0000 0000 0000 0000 000[0]
[write]CFDGAFLID0:CFDGAFLP0_[0x00000000],Bit[0]:0x0000--0000 0000 0000 0000 0000 0000 0000 000[0]
[write]CFDGAFLID0:CFDGAFLP1_[0x00000000],Bit[0]:0x0000--0000 0000 0000 0000 0000 0000 0000 000[0]
[write]CFDGAFLID0:GAFLIDM[0x00000005],Bit[0]:0x0005--0000 0000 0000 0000 0000 0000 0000 010[1]
[write]CFDGAFLID0:CFDGAFLM[0x00000000],Bit[0]:0x0000--0000 0000 0000 0000 0000 0000 0000 000[0]
[write]CFDGAFLID0:CFDGAFLP0_[0x00000000],Bit[0]:0x0000--0000 0000 0000 0000 0000 0000 0000 000[0]
[write]CFDGAFLID0:CFDGAFLP1_[0x00000000],Bit[0]:0x0000--0000 0000 0000 0000 0000 0000 0000 000[0]
[write]CFDGAFLID0:GAFLIDM[0x00000006],Bit[0]:0x0006--0000 0000 0000 0000 0000 0000 0000 011[0]
[write]CFDGAFLID0:CFDGAFLM[0x00000000],Bit[0]:0x0000--0000 0000 0000 0000 0000 0000 0000 000[0]
[write]CFDGAFLID0:CFDGAFLP0_[0x00000000],Bit[0]:0x0000--0000 0000 0000 0000 0000 0000 0000 000[0]
[write]CFDGAFLID0:CFDGAFLP1_[0x00000000],Bit[0]:0x0000--0000 0000 0000 0000 0000 0000 0000 000[0]
[write]CFDGAFLID0:GAFLIDM[0x00000007],Bit[0]:0x0007--0000 0000 0000 0000 0000 0000 0000 011[1]
[write]CFDGAFLID0:CFDGAFLM[0x00000000],Bit[0]:0x0000--0000 0000 0000 0000 0000 0000 0000 000[0]
[write]CFDGAFLID0:CFDGAFLP0_[0x00000000],Bit[0]:0x0000--0000 0000 0000 0000 0000 0000 0000 000[0]
[write]CFDGAFLID0:CFDGAFLP1_[0x00000000],Bit[0]:0x0000--0000 0000 0000 0000 0000 0000 0000 000[0]
[write]CFDGAFLID0:GAFLIDM[0x00000008],Bit[0]:0x0008--0000 0000 0000 0000 0000 0000 0000 100[0]
[write]CFDGAFLID0:CFDGAFLM[0x00000000],Bit[0]:0x0000--0000 0000 0000 0000 0000 0000 0000 000[0]
[write]CFDGAFLID0:CFDGAFLP0_[0x00000000],Bit[0]:0x0000--0000 0000 0000 0000 0000 0000 0000 000[0]
[write]CFDGAFLID0:CFDGAFLP1_[0x00000000],Bit[0]:0x0000--0000 0000 0000 0000 0000 0000 0000 000[0]
[write]CFDGAFLID0:GAFLIDM[0x00000009],Bit[0]:0x0009--0000 0000 0000 0000 0000 0000 0000 100[1]
[write]CFDGAFLID0:CFDGAFLM[0x00000000],Bit[0]:0x0000--0000 0000 0000 0000 0000 0000 0000 000[0]
[write]CFDGAFLID0:CFDGAFLP0_[0x00000000],Bit[0]:0x0000--0000 0000 0000 0000 0000 0000 0000 000[0]
[write]CFDGAFLID0:CFDGAFLP1_[0x00000000],Bit[0]:0x0000--0000 0000 0000 0000 0000 0000 0000 000[0]
[write]CFDGAFLID0:GAFLIDM[0x0000000A],Bit[0]:0x000A--0000 0000 0000 0000 0000 0000 0000 101[0]
[write]CFDGAFLID0:CFDGAFLM[0x00000000],Bit[0]:0x0000--0000 0000 0000 0000 0000 0000 0000 000[0]
[write]CFDGAFLID0:CFDGAFLP0_[0x00000000],Bit[0]:0x0000--0000 0000 0000 0000 0000 0000 0000 000[0]
[write]CFDGAFLID0:CFDGAFLP1_[0x00000000],Bit[0]:0x0000--0000 0000 0000 0000 0000 0000 0000 000[0]
[write]CFDGAFLID0:GAFLIDM[0x0000000B],Bit[0]:0x000B--0000 0000 0000 0000 0000 0000 0000 101[1]
[write]CFDGAFLID0:CFDGAFLM[0x00000000],Bit[0]:0x0000--0000 0000 0000 0000 0000 0000 0000 000[0]
[write]CFDGAFLID0:CFDGAFLP0_[0x00000000],Bit[0]:0x0000--0000 0000 0000 0000 0000 0000 0000 000[0]
[write]CFDGAFLID0:CFDGAFLP1_[0x00000000],Bit[0]:0x0000--0000 0000 0000 0000 0000 0000 0000 000[0]
[write]CFDGAFLID0:GAFLIDM[0x0000000C],Bit[0]:0x000C--0000 0000 0000 0000 0000 0000 0000 110[0]
[write]CFDGAFLID0:CFDGAFLM[0x00000000],Bit[0]:0x0000--0000 0000 0000 0000 0000 0000 0000 000[0]
[write]CFDGAFLID0:CFDGAFLP0_[0x00000000],Bit[0]:0x0000--0000 0000 0000 0000 0000 0000 0000 000[0]
[write]CFDGAFLID0:CFDGAFLP1_[0x00000000],Bit[0]:0x0000--0000 0000 0000 0000 0000 0000 0000 000[0]
[write]CFDGAFLID0:GAFLIDM[0x0000000D],Bit[0]:0x000D--0000 0000 0000 0000 0000 0000 0000 110[1]
[write]CFDGAFLID0:CFDGAFLM[0x00000000],Bit[0]:0x0000--0000 0000 0000 0000 0000 0000 0000 000[0]
[write]CFDGAFLID0:CFDGAFLP0_[0x00000000],Bit[0]:0x0000--0000 0000 0000 0000 0000 0000 0000 000[0]
[write]CFDGAFLID0:CFDGAFLP1_[0x00000000],Bit[0]:0x0000--0000 0000 0000 0000 0000 0000 0000 000[0]
[write]CFDGAFLID0:GAFLIDM[0x0000000E],Bit[0]:0x000E--0000 0000 0000 0000 0000 0000 0000 111[0]
[write]CFDGAFLID0:CFDGAFLM[0x00000000],Bit[0]:0x0000--0000 0000 0000 0000 0000 0000 0000 000[0]
[write]CFDGAFLID0:CFDGAFLP0_[0x00000000],Bit[0]:0x0000--0000 0000 0000 0000 0000 0000 0000 000[0]
[write]CFDGAFLID0:CFDGAFLP1_[0x00000000],Bit[0]:0x0000--0000 0000 0000 0000 0000 0000 0000 000[0]
[write]CFDGAFLID0:GAFLIDM[0x0000000F],Bit[0]:0x000F--0000 0000 0000 0000 0000 0000 0000 111[1]
[write]CFDGAFLID0:CFDGAFLM[0x00000000],Bit[0]:0x0000--0000 0000 0000 0000 0000 0000 0000 000[0]
[write]CFDGAFLID0:CFDGAFLP0_[0x00000000],Bit[0]:0x0000--0000 0000 0000 0000 0000 0000 0000 000[0]
[write]CFDGAFLID0:CFDGAFLP1_[0x00000000],Bit[0]:0x0000--0000 0000 0000 0000 0000 0000 0000 000[0]
[clear]CFDGAFLECTR:AFLDAE[0x00000000],Bit[8:8]:0x0000([0])
[write]CFDRMNB:NRXMB[0x00000010],Bit[0]:0x0010--0000 0000 0000 0000 0000 0000 0001 000[0]
[clear]CFDRFCC0:RFPLS[0x00000000],Bit[6:4]:0x0000(00[0])
[write]CFDRFCC0:RFPLS[0x00000070],Bit[4]:0x0007--0000 0000 0000 0000 0000 0000 011[1] 0000
[clear]CFDRFCC0:RFDC[0x00000070],Bit[10:8]:0x0000(00[0])
[write]CFDRFCC0:RFDC[0x00000270],Bit[8]:0x0002--0000 0000 0000 0000 0000 001[0] 0111 0000
[clear]CFDRFCC0:RFIGCV[0x00000270],Bit[15:13]:0x0000(00[0])
[write]CFDRFCC0:RFIGCV[0x0000E270],Bit[13]:0x0007--0000 0000 0000 0000 11[1]0 0010 0111 0000
[clear]CFDRFCC0:RFIE[0x0000E270],Bit[1:1]:0x0000([0])
[write]CFDRFCC0:RFIE[0x0000E272],Bit[1]:0x0001--0000 0000 0000 0000 1110 0010 0111 00[1]0
[clear]CFDRFCC0:RFIM[0x0000E272],Bit[12:12]:0x0000([0])
[write]CFDRFCC0:RFIM[0x0000F272],Bit[12]:0x0001--0000 0000 0000 0000 111[1] 0010 0111 0010
[clear]CFDGCTR:GMDC[0x00000F00],Bit[1:0]:0x0000(0[0])
[read]CFDGSTS:GRSTSTS[0x00000000],Bit[0:0]:0x0000([0])
[clear]CFDC0NCFG-CxCTR:CHMDC[0x00000000],Bit[1:0]:0x0000(0[0])
[read]CFDC0NCFG-CxSTS:CRSTSTS[0x000000C0],Bit[0:0]:0x0000([0])
[clear]CFDRFCC0:RFE[0x0000F272],Bit[0:0]:0x0000([0])
[write]CFDRFCC0:RFE[0x0000F273],Bit[0]:0x0001--0000 0000 0000 0000 1111 0010 0111 001[1]
